2022/07/27 10:03:45 当前已经在线玩家: []
2022/07/27 10:03:45 登入  HappyLove233 00000000-0000-4000-8000-00007ca667d4
2022/07/27 10:03:45 登入  HappyLove233 00000000-0000-4000-8000-00007ca667d4
2022/07/27 10:03:45 登入  tcjffhhfbhc 00000000-0000-4000-8000-0000c91f09a3
2022/07/27 10:03:45 登入  欧洲老板开学 00000000-0000-4000-8000-00000fd529f8
2022/07/27 10:03:45 登入  开朗的网友啊明 00000000-0000-4000-8000-0000912625f1
2022/07/27 10:03:45 登入  百里倾萧 00000000-0000-4000-8000-0000a80c7518
2022/07/27 10:03:45 登入  字幕君______ 00000000-0000-4000-8000-0000deda5d81
2022/07/27 10:09:26 logout 欧洲老板开学 00000000-0000-4000-8000-00000fd529f8 (5.7m)
2022/07/27 10:10:00 当前已经在线玩家: []
2022/07/27 10:10:00 登入  HappyLove233 00000000-0000-4000-8000-00007ca667d4
2022/07/27 10:10:00 登入  HappyLove233 00000000-0000-4000-8000-00007ca667d4
2022/07/27 10:10:00 登入  tcjffhhfbhc 00000000-0000-4000-8000-0000c91f09a3
2022/07/27 10:10:00 登入  开朗的网友啊明 00000000-0000-4000-8000-0000912625f1
2022/07/27 10:10:00 登入  百里倾萧 00000000-0000-4000-8000-0000a80c7518
2022/07/27 10:10:00 登入  字幕君______ 00000000-0000-4000-8000-0000deda5d81
2022/07/27 10:10:02 logout 百里倾萧 00000000-0000-4000-8000-0000a80c7518 (0.0m)
2022/07/27 10:15:14 当前已经在线玩家: []
2022/07/27 10:15:14 登入  HappyLove233 00000000-0000-4000-8000-00007ca667d4
2022/07/27 10:15:14 登入  HappyLove233 00000000-0000-4000-8000-00007ca667d4
2022/07/27 10:15:14 登入  tcjffhhfbhc 00000000-0000-4000-8000-0000c91f09a3
2022/07/27 10:15:14 登入  开朗的网友啊明 00000000-0000-4000-8000-0000912625f1
2022/07/27 10:15:14 登入  字幕君______ 00000000-0000-4000-8000-0000deda5d81
2022/07/27 10:16:45 logout tcjffhhfbhc 00000000-0000-4000-8000-0000c91f09a3 (1.5m)
2022/07/27 10:18:54 logout 开朗的网友啊明 00000000-0000-4000-8000-0000912625f1 (3.7m)
2022/07/27 10:24:37 当前已经在线玩家: []
2022/07/27 10:24:37 登入  HappyLove233 00000000-0000-4000-8000-00007ca667d4
2022/07/27 10:24:37 登入  HappyLove233 00000000-0000-4000-8000-00007ca667d4
2022/07/27 10:24:37 登入  字幕君______ 00000000-0000-4000-8000-0000deda5d81
2022/07/27 10:29:25 登入  super电豌君 00000000-0000-4000-8000-00006894150f
2022/07/27 10:34:28 当前已经在线玩家: []
2022/07/27 10:40:13 当前已经在线玩家: []
2022/07/27 10:40:13 登入  HappyLove233 00000000-0000-4000-8000-00007ca667d4
2022/07/27 10:40:13 登入  HappyLove233 00000000-0000-4000-8000-00007ca667d4
2022/07/27 10:40:13 登入  super电豌君 00000000-0000-4000-8000-00006894150f
2022/07/27 10:40:13 登入  字幕君______ 00000000-0000-4000-8000-0000deda5d81
2022/07/27 10:40:13 logout HappyLove233 00000000-0000-4000-8000-00007ca667d4 (0.0m)
2022/07/27 10:40:58 当前已经在线玩家: []
2022/07/27 10:40:58 登入  HappyLove233 00000000-0000-4000-8000-00007ca667d4
2022/07/27 10:40:58 登入  HappyLove233 00000000-0000-4000-8000-00007ca667d4
2022/07/27 10:40:58 登入  super电豌君 00000000-0000-4000-8000-00006894150f
2022/07/27 10:40:58 登入  字幕君______ 00000000-0000-4000-8000-0000deda5d81
2022/07/27 10:40:59 logout HappyLove233 00000000-0000-4000-8000-00007ca667d4 (0.0m)
2022/07/27 10:41:43 当前已经在线玩家: []
2022/07/27 10:41:43 登入  HappyLove233 00000000-0000-4000-8000-00007ca667d4
2022/07/27 10:41:43 登入  HappyLove233 00000000-0000-4000-8000-00007ca667d4
2022/07/27 10:41:43 登入  super电豌君 00000000-0000-4000-8000-00006894150f
2022/07/27 10:41:43 登入  字幕君______ 00000000-0000-4000-8000-0000deda5d81
2022/07/27 10:42:26 当前已经在线玩家: []
2022/07/27 10:42:26 登入  HappyLove233 00000000-0000-4000-8000-00007ca667d4
2022/07/27 10:42:26 登入  HappyLove233 00000000-0000-4000-8000-00007ca667d4
2022/07/27 10:42:26 登入  super电豌君 00000000-0000-4000-8000-00006894150f
2022/07/27 10:42:26 登入  字幕君______ 00000000-0000-4000-8000-0000deda5d81
2022/07/27 10:43:12 登入  帅哥jfdfdz小号 00000000-0000-4000-8000-0000cd94c9c1
2022/07/27 10:45:38 当前已经在线玩家: []
2022/07/27 10:45:38 登入  HappyLove233 00000000-0000-4000-8000-00007ca667d4
2022/07/27 10:45:38 登入  HappyLove233 00000000-0000-4000-8000-00007ca667d4
2022/07/27 10:45:38 登入  帅哥jfdfdz小号 00000000-0000-4000-8000-0000cd94c9c1
2022/07/27 10:45:38 登入  super电豌君 00000000-0000-4000-8000-00006894150f
2022/07/27 10:45:38 登入  字幕君______ 00000000-0000-4000-8000-0000deda5d81
2022/07/27 10:48:33 logout 帅哥jfdfdz小号 00000000-0000-4000-8000-0000cd94c9c1 (2.9m)
2022/07/27 10:54:32 当前已经在线玩家: []
2022/07/27 10:54:32 登入  HappyLove233 00000000-0000-4000-8000-00007ca667d4
2022/07/27 10:54:32 登入  HappyLove233 00000000-0000-4000-8000-00007ca667d4
2022/07/27 10:54:32 登入  super电豌君 00000000-0000-4000-8000-00006894150f
2022/07/27 10:54:32 登入  字幕君______ 00000000-0000-4000-8000-0000deda5d81
2022/07/27 10:59:33 登入  诺白郡主 00000000-0000-4000-8000-0000bb97decc
2022/07/27 11:00:52 登入  帅哥jfdfdz小号 00000000-0000-4000-8000-0000cd94c9c1
2022/07/27 11:05:35 logout super电豌君 00000000-0000-4000-8000-00006894150f (11.1m)
2022/07/27 11:10:26 登入  呱哥玩青蛙 00000000-0000-4000-8000-0000f7e84223
2022/07/27 11:11:50 logout 呱哥玩青蛙 00000000-0000-4000-8000-0000f7e84223 (1.4m)
2022/07/27 11:12:54 logout 帅哥jfdfdz小号 00000000-0000-4000-8000-0000cd94c9c1 (12.0m)
2022/07/27 11:18:28 当前已经在线玩家: []
2022/07/27 11:18:28 登入  HappyLove233 00000000-0000-4000-8000-00007ca667d4
2022/07/27 11:18:28 登入  HappyLove233 00000000-0000-4000-8000-00007ca667d4
2022/07/27 11:18:28 登入  诺白郡主 00000000-0000-4000-8000-0000bb97decc
2022/07/27 11:18:28 登入  字幕君______ 00000000-0000-4000-8000-0000deda5d81
2022/07/27 11:24:42 当前已经在线玩家: []
2022/07/27 11:24:42 登入  HappyLove233 00000000-0000-4000-8000-00007ca667d4
2022/07/27 11:24:42 登入  HappyLove233 00000000-0000-4000-8000-00007ca667d4
2022/07/27 11:24:42 登入  诺白郡主 00000000-0000-4000-8000-0000bb97decc
2022/07/27 11:24:42 登入  字幕君______ 00000000-0000-4000-8000-0000deda5d81
2022/07/27 11:25:51 登入  帅哥jfdfdz小号 00000000-0000-4000-8000-0000cd94c9c1
2022/07/27 11:33:55 当前已经在线玩家: []
2022/07/27 11:33:55 登入  HappyLove233 00000000-0000-4000-8000-00007ca667d4
2022/07/27 11:33:55 登入  HappyLove233 00000000-0000-4000-8000-00007ca667d4
2022/07/27 11:33:55 登入  诺白郡主 00000000-0000-4000-8000-0000bb97decc
2022/07/27 11:33:55 登入  帅哥jfdfdz小号 00000000-0000-4000-8000-0000cd94c9c1
2022/07/27 11:33:55 登入  字幕君______ 00000000-0000-4000-8000-0000deda5d81
2022/07/27 11:38:37 当前已经在线玩家: []
2022/07/27 11:38:37 登入  HappyLove233 00000000-0000-4000-8000-00007ca667d4
2022/07/27 11:38:37 登入  HappyLove233 00000000-0000-4000-8000-00007ca667d4
2022/07/27 11:38:37 登入  诺白郡主 00000000-0000-4000-8000-0000bb97decc
2022/07/27 11:38:37 登入  帅哥jfdfdz小号 00000000-0000-4000-8000-0000cd94c9c1
2022/07/27 11:38:37 登入  字幕君______ 00000000-0000-4000-8000-0000deda5d81
2022/07/27 11:42:49 登入  DJ悠然小小天 00000000-0000-4000-8000-0000aa8fb178
2022/07/27 11:43:22 logout 帅哥jfdfdz小号 00000000-0000-4000-8000-0000cd94c9c1 (4.8m)
2022/07/27 11:44:26 当前已经在线玩家: []
2022/07/27 11:44:26 登入  HappyLove233 00000000-0000-4000-8000-00007ca667d4
2022/07/27 11:44:26 登入  HappyLove233 00000000-0000-4000-8000-00007ca667d4
2022/07/27 11:44:26 登入  DJ悠然小小天 00000000-0000-4000-8000-0000aa8fb178
2022/07/27 11:44:26 登入  诺白郡主 00000000-0000-4000-8000-0000bb97decc
2022/07/27 11:44:26 登入  字幕君______ 00000000-0000-4000-8000-0000deda5d81
2022/07/27 11:47:37 当前已经在线玩家: []
2022/07/27 11:47:37 登入  HappyLove233 00000000-0000-4000-8000-00007ca667d4
2022/07/27 11:47:37 登入  HappyLove233 00000000-0000-4000-8000-00007ca667d4
2022/07/27 11:47:37 登入  DJ悠然小小天 00000000-0000-4000-8000-0000aa8fb178
2022/07/27 11:47:37 登入  诺白郡主 00000000-0000-4000-8000-0000bb97decc
2022/07/27 11:47:37 登入  字幕君______ 00000000-0000-4000-8000-0000deda5d81
2022/07/27 11:52:51 当前已经在线玩家: []
2022/07/27 11:52:51 登入  HappyLove233 00000000-0000-4000-8000-00007ca667d4
2022/07/27 11:52:51 登入  HappyLove233 00000000-0000-4000-8000-00007ca667d4
2022/07/27 11:52:51 登入  DJ悠然小小天 00000000-0000-4000-8000-0000aa8fb178
2022/07/27 11:52:51 登入  诺白郡主 00000000-0000-4000-8000-0000bb97decc
2022/07/27 11:52:51 登入  字幕君______ 00000000-0000-4000-8000-0000deda5d81
2022/07/27 12:08:06 当前已经在线玩家: []
2022/07/27 12:08:06 登入  HappyLove233 00000000-0000-4000-8000-00007ca667d4
2022/07/27 12:08:06 登入  HappyLove233 00000000-0000-4000-8000-00007ca667d4
2022/07/27 12:08:06 登入  DJ悠然小小天 00000000-0000-4000-8000-0000aa8fb178
2022/07/27 12:08:06 登入  诺白郡主 00000000-0000-4000-8000-0000bb97decc
2022/07/27 12:08:06 登入  字幕君______ 00000000-0000-4000-8000-0000deda5d81
2022/07/27 12:08:48 当前已经在线玩家: []
2022/07/27 12:08:48 登入  HappyLove233 00000000-0000-4000-8000-00007ca667d4
2022/07/27 12:08:48 登入  HappyLove233 00000000-0000-4000-8000-00007ca667d4
2022/07/27 12:08:48 登入  DJ悠然小小天 00000000-0000-4000-8000-0000aa8fb178
2022/07/27 12:08:48 登入  诺白郡主 00000000-0000-4000-8000-0000bb97decc
2022/07/27 12:08:48 登入  字幕君______ 00000000-0000-4000-8000-0000deda5d81
2022/07/27 12:09:31 当前已经在线玩家: []
2022/07/27 12:09:31 登入  HappyLove233 00000000-0000-4000-8000-00007ca667d4
2022/07/27 12:09:31 登入  HappyLove233 00000000-0000-4000-8000-00007ca667d4
2022/07/27 12:09:31 登入  DJ悠然小小天 00000000-0000-4000-8000-0000aa8fb178
2022/07/27 12:09:31 登入  诺白郡主 00000000-0000-4000-8000-0000bb97decc
2022/07/27 12:09:31 登入  字幕君______ 00000000-0000-4000-8000-0000deda5d81
2022/07/27 12:12:44 当前已经在线玩家: []
2022/07/27 12:14:33 当前已经在线玩家: []
2022/07/27 12:14:33 登入  HappyLove233 00000000-0000-4000-8000-00007ca667d4
2022/07/27 12:14:33 登入  HappyLove233 00000000-0000-4000-8000-00007ca667d4
2022/07/27 12:14:33 登入  DJ悠然小小天 00000000-0000-4000-8000-0000aa8fb178
2022/07/27 12:14:33 登入  诺白郡主 00000000-0000-4000-8000-0000bb97decc
2022/07/27 12:14:33 登入  字幕君______ 00000000-0000-4000-8000-0000deda5d81
2022/07/27 12:15:47 当前已经在线玩家: []
2022/07/27 12:15:47 登入  HappyLove233 00000000-0000-4000-8000-00007ca667d4
2022/07/27 12:15:47 登入  HappyLove233 00000000-0000-4000-8000-00007ca667d4
2022/07/27 12:15:47 登入  DJ悠然小小天 00000000-0000-4000-8000-0000aa8fb178
2022/07/27 12:15:47 登入  诺白郡主 00000000-0000-4000-8000-0000bb97decc
2022/07/27 12:15:47 登入  字幕君______ 00000000-0000-4000-8000-0000deda5d81
2022/07/27 12:16:29 当前已经在线玩家: []
2022/07/27 12:16:29 登入  HappyLove233 00000000-0000-4000-8000-00007ca667d4
2022/07/27 12:16:29 登入  HappyLove233 00000000-0000-4000-8000-00007ca667d4
2022/07/27 12:16:29 登入  DJ悠然小小天 00000000-0000-4000-8000-0000aa8fb178
2022/07/27 12:16:29 登入  诺白郡主 00000000-0000-4000-8000-0000bb97decc
2022/07/27 12:16:29 登入  字幕君______ 00000000-0000-4000-8000-0000deda5d81
2022/07/27 12:30:42 当前已经在线玩家: []
2022/07/27 12:30:42 登入  HappyLove233 00000000-0000-4000-8000-00007ca667d4
2022/07/27 12:30:42 登入  HappyLove233 00000000-0000-4000-8000-00007ca667d4
2022/07/27 12:30:42 登入  DJ悠然小小天 00000000-0000-4000-8000-0000aa8fb178
2022/07/27 12:30:42 登入  诺白郡主 00000000-0000-4000-8000-0000bb97decc
2022/07/27 12:30:42 登入  字幕君______ 00000000-0000-4000-8000-0000deda5d81
2022/07/27 12:30:42 logout HappyLove233 00000000-0000-4000-8000-00007ca667d4 (0.0m)
2022/07/27 12:34:37 当前已经在线玩家: []
2022/07/27 12:34:37 登入  HappyLove233 00000000-0000-4000-8000-00007ca667d4
2022/07/27 12:34:37 登入  HappyLove233 00000000-0000-4000-8000-00007ca667d4
2022/07/27 12:34:37 登入  DJ悠然小小天 00000000-0000-4000-8000-0000aa8fb178
2022/07/27 12:34:37 登入  诺白郡主 00000000-0000-4000-8000-0000bb97decc
2022/07/27 12:34:37 登入  字幕君______ 00000000-0000-4000-8000-0000deda5d81
2022/07/27 12:41:13 logout DJ悠然小小天 00000000-0000-4000-8000-0000aa8fb178 (6.6m)
2022/07/27 12:41:45 登入  大全伍六七 00000000-0000-4000-8000-0000ab2837ec
2022/07/27 12:42:55 当前已经在线玩家: []
2022/07/27 12:42:55 登入  HappyLove233 00000000-0000-4000-8000-00007ca667d4
2022/07/27 12:42:55 登入  HappyLove233 00000000-0000-4000-8000-00007ca667d4
2022/07/27 12:42:55 登入  大全伍六七 00000000-0000-4000-8000-0000ab2837ec
2022/07/27 12:42:55 登入  诺白郡主 00000000-0000-4000-8000-0000bb97decc
2022/07/27 12:42:55 登入  字幕君______ 00000000-0000-4000-8000-0000deda5d81
2022/07/27 12:49:36 当前已经在线玩家: []
2022/07/27 12:49:36 登入  HappyLove233 00000000-0000-4000-8000-00007ca667d4
2022/07/27 12:49:36 登入  HappyLove233 00000000-0000-4000-8000-00007ca667d4
2022/07/27 12:49:36 登入  大全伍六七 00000000-0000-4000-8000-0000ab2837ec
2022/07/27 12:49:36 登入  诺白郡主 00000000-0000-4000-8000-0000bb97decc
2022/07/27 12:49:36 登入  字幕君______ 00000000-0000-4000-8000-0000deda5d81
2022/07/27 12:53:01 登入  吹长笛的幻影中介 00000000-0000-4000-8000-0000fadbda38
2022/07/27 12:53:54 登入  木鱼丶水心 00000000-0000-4000-8000-00000cf934fc
2022/07/27 12:54:33 当前已经在线玩家: []
2022/07/27 12:54:33 登入  HappyLove233 00000000-0000-4000-8000-00007ca667d4
2022/07/27 12:54:33 登入  HappyLove233 00000000-0000-4000-8000-00007ca667d4
2022/07/27 12:54:33 登入  木鱼丶水心 00000000-0000-4000-8000-00000cf934fc
2022/07/27 12:54:33 登入  吹长笛的幻影中介 00000000-0000-4000-8000-0000fadbda38
2022/07/27 12:54:33 登入  大全伍六七 00000000-0000-4000-8000-0000ab2837ec
2022/07/27 12:54:33 登入  诺白郡主 00000000-0000-4000-8000-0000bb97decc
2022/07/27 12:54:33 登入  字幕君______ 00000000-0000-4000-8000-0000deda5d81
2022/07/27 12:55:44 当前已经在线玩家: []
2022/07/27 12:55:44 登入  HappyLove233 00000000-0000-4000-8000-00007ca667d4
2022/07/27 12:55:44 登入  HappyLove233 00000000-0000-4000-8000-00007ca667d4
2022/07/27 12:55:44 登入  木鱼丶水心 00000000-0000-4000-8000-00000cf934fc
2022/07/27 12:55:44 登入  吹长笛的幻影中介 00000000-0000-4000-8000-0000fadbda38
2022/07/27 12:55:44 登入  大全伍六七 00000000-0000-4000-8000-0000ab2837ec
2022/07/27 12:55:44 登入  诺白郡主 00000000-0000-4000-8000-0000bb97decc
2022/07/27 12:55:44 登入  字幕君______ 00000000-0000-4000-8000-0000deda5d81
2022/07/27 12:57:20 logout 吹长笛的幻影中介 00000000-0000-4000-8000-0000fadbda38 (1.6m)
2022/07/27 12:59:11 logout 大全伍六七 00000000-0000-4000-8000-0000ab2837ec (3.5m)
2022/07/27 13:02:26 当前已经在线玩家: []
2022/07/27 13:02:26 登入  HappyLove233 00000000-0000-4000-8000-00007ca667d4
2022/07/27 13:02:26 登入  HappyLove233 00000000-0000-4000-8000-00007ca667d4
2022/07/27 13:02:26 登入  木鱼丶水心 00000000-0000-4000-8000-00000cf934fc
2022/07/27 13:02:26 登入  诺白郡主 00000000-0000-4000-8000-0000bb97decc
2022/07/27 13:02:26 登入  字幕君______ 00000000-0000-4000-8000-0000deda5d81
2022/07/27 13:04:58 logout 木鱼丶水心 00000000-0000-4000-8000-00000cf934fc (2.5m)
2022/07/27 13:05:34 logout 诺白郡主 00000000-0000-4000-8000-0000bb97decc (3.1m)
2022/07/27 13:14:40 当前已经在线玩家: [HappyLove233 字幕君______]
2022/07/27 13:18:42 logout 字幕君______ 00000000-0000-4000-8000-0000deda5d81 (4.0m)
2022/07/27 13:24:33 当前已经在线玩家: []
2022/07/27 13:24:33 登入  HappyLove233 00000000-0000-4000-8000-00007ca667d4
2022/07/27 13:24:33 登入  HappyLove233 00000000-0000-4000-8000-00007ca667d4
2022/07/27 13:34:45 当前已经在线玩家: []
2022/07/27 13:34:45 登入  HappyLove233 00000000-0000-4000-8000-00007ca667d4
2022/07/27 13:34:45 登入  HappyLove233 00000000-0000-4000-8000-00007ca667d4
2022/07/27 13:35:14 登入  DJ悠然小小天 00000000-0000-4000-8000-0000aa8fb178
2022/07/27 13:39:33 当前已经在线玩家: []
2022/07/27 13:39:33 登入  HappyLove233 00000000-0000-4000-8000-00007ca667d4
2022/07/27 13:39:33 登入  HappyLove233 00000000-0000-4000-8000-00007ca667d4
2022/07/27 13:39:33 登入  DJ悠然小小天 00000000-0000-4000-8000-0000aa8fb178
2022/07/27 13:42:18 当前已经在线玩家: []
2022/07/27 13:42:19 登入  HappyLove233 00000000-0000-4000-8000-00007ca667d4
2022/07/27 13:42:19 登入  HappyLove233 00000000-0000-4000-8000-00007ca667d4
2022/07/27 13:42:19 登入  DJ悠然小小天 00000000-0000-4000-8000-0000aa8fb178
2022/07/27 13:43:04 当前已经在线玩家: []
2022/07/27 13:43:04 登入  HappyLove233 00000000-0000-4000-8000-00007ca667d4
2022/07/27 13:43:04 登入  HappyLove233 00000000-0000-4000-8000-00007ca667d4
2022/07/27 13:43:04 登入  DJ悠然小小天 00000000-0000-4000-8000-0000aa8fb178
2022/07/27 13:43:30 登入  青铜咸鱼的染料 00000000-0000-4000-8000-0000e504ec3c
2022/07/27 13:44:12 登入  Happy丶Light 00000000-0000-4000-8000-00006ba4659a
2022/07/27 13:44:22 logout 青铜咸鱼的染料 00000000-0000-4000-8000-0000e504ec3c (0.9m)
2022/07/27 13:53:28 登入  嗯哼哼嗯哼哼啊哈 00000000-0000-4000-8000-00004a214063
2022/07/27 13:54:46 当前已经在线玩家: []
2022/07/27 13:54:46 登入  HappyLove233 00000000-0000-4000-8000-00007ca667d4
2022/07/27 13:54:46 登入  HappyLove233 00000000-0000-4000-8000-00007ca667d4
2022/07/27 13:54:46 登入  嗯哼哼嗯哼哼啊哈 00000000-0000-4000-8000-00004a214063
2022/07/27 13:54:46 登入  Happy丶Light 00000000-0000-4000-8000-00006ba4659a
2022/07/27 13:54:46 登入  DJ悠然小小天 00000000-0000-4000-8000-0000aa8fb178
2022/07/27 13:57:39 logout DJ悠然小小天 00000000-0000-4000-8000-0000aa8fb178 (2.9m)
2022/07/27 13:58:35 logout Happy丶Light 00000000-0000-4000-8000-00006ba4659a (3.8m)
2022/07/27 13:58:47 登入  DJ悠然小小天 00000000-0000-4000-8000-0000aa8fb178
2022/07/27 14:02:37 logout 嗯哼哼嗯哼哼啊哈 00000000-0000-4000-8000-00004a214063 (7.8m)
2022/07/27 14:02:37 登入  嗯哼哼嗯哼哼啊哈 00000000-0000-4000-8000-00004a214063
2022/07/27 14:03:36 登入  帅哥jfdfdz小号 00000000-0000-4000-8000-0000cd94c9c1
2022/07/27 14:04:32 当前已经在线玩家: []
2022/07/27 14:04:32 登入  HappyLove233 00000000-0000-4000-8000-00007ca667d4
2022/07/27 14:04:32 登入  帅哥jfdfdz小号 00000000-0000-4000-8000-0000cd94c9c1
2022/07/27 14:04:32 登入  嗯哼哼嗯哼哼啊哈 00000000-0000-4000-8000-00004a214063
2022/07/27 14:04:32 登入  DJ悠然小小天 00000000-0000-4000-8000-0000aa8fb178
2022/07/27 14:04:32 登入  HappyLove233 00000000-0000-4000-8000-00007ca667d4
2022/07/27 14:04:32 logout HappyLove233 00000000-0000-4000-8000-00007ca667d4 (0.0m)
2022/07/27 14:06:41 登入  Happy丶Light 00000000-0000-4000-8000-00006ba4659a
2022/07/27 14:08:33 当前已经在线玩家: []
2022/07/27 14:08:33 登入  HappyLove233 00000000-0000-4000-8000-00007ca667d4
2022/07/27 14:08:33 登入  HappyLove233 00000000-0000-4000-8000-00007ca667d4
2022/07/27 14:08:33 登入  Happy丶Light 00000000-0000-4000-8000-00006ba4659a
2022/07/27 14:08:33 登入  帅哥jfdfdz小号 00000000-0000-4000-8000-0000cd94c9c1
2022/07/27 14:08:33 登入  嗯哼哼嗯哼哼啊哈 00000000-0000-4000-8000-00004a214063
2022/07/27 14:08:33 登入  DJ悠然小小天 00000000-0000-4000-8000-0000aa8fb178
2022/07/27 14:09:51 logout Happy丶Light 00000000-0000-4000-8000-00006ba4659a (1.3m)
2022/07/27 14:11:11 logout DJ悠然小小天 00000000-0000-4000-8000-0000aa8fb178 (2.6m)
2022/07/27 14:11:25 登入  DJ悠然小小天 00000000-0000-4000-8000-0000aa8fb178
2022/07/27 14:12:47 登入  帅气的雅哥猪神 00000000-0000-4000-8000-00003d21cd7d
2022/07/27 14:13:35 logout 帅气的雅哥猪神 00000000-0000-4000-8000-00003d21cd7d (0.8m)
2022/07/27 14:17:55 logout 嗯哼哼嗯哼哼啊哈 00000000-0000-4000-8000-00004a214063 (9.4m)
2022/07/27 14:17:56 登入  嗯哼哼嗯哼哼啊哈 00000000-0000-4000-8000-00004a214063
2022/07/27 14:19:30 登入  Happy丶Light 00000000-0000-4000-8000-00006ba4659a
2022/07/27 14:21:17 当前已经在线玩家: []
2022/07/27 14:21:17 登入  HappyLove233 00000000-0000-4000-8000-00007ca667d4
2022/07/27 14:21:17 登入  HappyLove233 00000000-0000-4000-8000-00007ca667d4
2022/07/27 14:21:17 登入  嗯哼哼嗯哼哼啊哈 00000000-0000-4000-8000-00004a214063
2022/07/27 14:21:17 登入  DJ悠然小小天 00000000-0000-4000-8000-0000aa8fb178
2022/07/27 14:21:17 登入  字幕君______ 00000000-0000-4000-8000-0000deda5d81
2022/07/27 14:21:17 登入  Happy丶Light 00000000-0000-4000-8000-00006ba4659a
2022/07/27 14:21:17 登入  帅哥jfdfdz小号 00000000-0000-4000-8000-0000cd94c9c1
2022/07/27 14:21:47 logout DJ悠然小小天 00000000-0000-4000-8000-0000aa8fb178 (0.5m)
2022/07/27 14:22:08 登入  DJ悠然小小天 00000000-0000-4000-8000-0000aa8fb178
2022/07/27 14:23:29 当前已经在线玩家: []
2022/07/27 14:23:29 登入  HappyLove233 00000000-0000-4000-8000-00007ca667d4
2022/07/27 14:23:29 登入  HappyLove233 00000000-0000-4000-8000-00007ca667d4
2022/07/27 14:23:29 登入  DJ悠然小小天 00000000-0000-4000-8000-0000aa8fb178
2022/07/27 14:23:29 登入  嗯哼哼嗯哼哼啊哈 00000000-0000-4000-8000-00004a214063
2022/07/27 14:23:29 登入  字幕君______ 00000000-0000-4000-8000-0000deda5d81
2022/07/27 14:23:29 登入  Happy丶Light 00000000-0000-4000-8000-00006ba4659a
2022/07/27 14:23:29 登入  帅哥jfdfdz小号 00000000-0000-4000-8000-0000cd94c9c1
2022/07/27 14:33:27 登入  黑帮丶Dy 00000000-0000-4000-8000-000023c1a1ff
2022/07/27 14:37:05 logout 嗯哼哼嗯哼哼啊哈 00000000-0000-4000-8000-00004a214063 (13.6m)
2022/07/27 14:39:00 登入  开朗的网友啊明 00000000-0000-4000-8000-0000912625f1
2022/07/27 14:39:24 登入  嗯哼哼嗯哼哼啊哈 00000000-0000-4000-8000-00004a214063
2022/07/27 14:44:44 logout DJ悠然小小天 00000000-0000-4000-8000-0000aa8fb178 (21.2m)
2022/07/27 14:45:43 当前已经在线玩家: []
2022/07/27 14:45:43 登入  HappyLove233 00000000-0000-4000-8000-00007ca667d4
2022/07/27 14:45:43 登入  HappyLove233 00000000-0000-4000-8000-00007ca667d4
2022/07/27 14:45:43 登入  开朗的网友啊明 00000000-0000-4000-8000-0000912625f1
2022/07/27 14:45:43 登入  嗯哼哼嗯哼哼啊哈 00000000-0000-4000-8000-00004a214063
2022/07/27 14:45:43 登入  黑帮丶Dy 00000000-0000-4000-8000-000023c1a1ff
2022/07/27 14:45:43 登入  字幕君______ 00000000-0000-4000-8000-0000deda5d81
2022/07/27 14:45:43 登入  Happy丶Light 00000000-0000-4000-8000-00006ba4659a
2022/07/27 14:45:43 登入  帅哥jfdfdz小号 00000000-0000-4000-8000-0000cd94c9c1
2022/07/27 14:49:10 logout Happy丶Light 00000000-0000-4000-8000-00006ba4659a (3.4m)
2022/07/27 14:49:29 logout 黑帮丶Dy 00000000-0000-4000-8000-000023c1a1ff (3.8m)
2022/07/27 14:50:55 logout 帅哥jfdfdz小号 00000000-0000-4000-8000-0000cd94c9c1 (5.2m)
2022/07/27 14:53:13 logout 嗯哼哼嗯哼哼啊哈 00000000-0000-4000-8000-00004a214063 (7.5m)
2022/07/27 14:54:43 当前已经在线玩家: []
2022/07/27 14:54:43 登入  HappyLove233 00000000-0000-4000-8000-00007ca667d4
2022/07/27 14:54:43 登入  HappyLove233 00000000-0000-4000-8000-00007ca667d4
2022/07/27 14:54:43 登入  开朗的网友啊明 00000000-0000-4000-8000-0000912625f1
2022/07/27 14:54:43 登入  字幕君______ 00000000-0000-4000-8000-0000deda5d81
2022/07/27 15:01:00 登入  帅哥jfdfdz小号 00000000-0000-4000-8000-0000cd94c9c1
2022/07/27 15:04:27 当前已经在线玩家: []
2022/07/27 15:04:27 登入  HappyLove233 00000000-0000-4000-8000-00007ca667d4
2022/07/27 15:04:27 登入  HappyLove233 00000000-0000-4000-8000-00007ca667d4
2022/07/27 15:04:27 登入  开朗的网友啊明 00000000-0000-4000-8000-0000912625f1
2022/07/27 15:04:27 登入  帅哥jfdfdz小号 00000000-0000-4000-8000-0000cd94c9c1
2022/07/27 15:04:27 登入  字幕君______ 00000000-0000-4000-8000-0000deda5d81
2022/07/27 15:14:40 当前已经在线玩家: []
2022/07/27 15:14:40 登入  HappyLove233 00000000-0000-4000-8000-00007ca667d4
2022/07/27 15:14:40 登入  HappyLove233 00000000-0000-4000-8000-00007ca667d4
2022/07/27 15:14:40 登入  帅哥jfdfdz小号 00000000-0000-4000-8000-0000cd94c9c1
2022/07/27 15:14:40 登入  字幕君______ 00000000-0000-4000-8000-0000deda5d81
2022/07/27 15:15:00 登入  开朗的网友啊明 00000000-0000-4000-8000-0000912625f1
2022/07/27 15:15:17 登入  黑帮丶Dy 00000000-0000-4000-8000-000023c1a1ff
2022/07/27 15:16:29 logout 黑帮丶Dy 00000000-0000-4000-8000-000023c1a1ff (1.2m)
2022/07/27 15:17:26 登入  黑帮丶Dy 00000000-0000-4000-8000-000023c1a1ff
2022/07/27 15:18:21 logout 黑帮丶Dy 00000000-0000-4000-8000-000023c1a1ff (0.9m)
2022/07/27 15:18:54 登入  黑帮丶Dy 00000000-0000-4000-8000-000023c1a1ff
2022/07/27 15:20:51 登入  诺白郡主 00000000-0000-4000-8000-0000bb97decc
2022/07/27 15:22:05 当前已经在线玩家: []
2022/07/27 15:24:53 当前已经在线玩家: []
2022/07/27 15:25:21 当前已经在线玩家: []
2022/07/27 15:25:43 当前已经在线玩家: []
2022/07/27 15:26:12 当前已经在线玩家: []
2022/07/27 15:27:01 当前已经在线玩家: []
2022/07/27 15:27:01 登入  HappyLove233 00000000-0000-4000-8000-00007ca667d4
2022/07/27 15:27:01 登入  HappyLove233 00000000-0000-4000-8000-00007ca667d4
2022/07/27 15:27:01 登入  开朗的网友啊明 00000000-0000-4000-8000-0000912625f1
2022/07/27 15:27:01 登入  百里倾萧 00000000-0000-4000-8000-0000a80c7518
2022/07/27 15:27:01 登入  无诗游人 00000000-0000-4000-8000-0000df1bc254
2022/07/27 15:27:01 登入  诺白郡主 00000000-0000-4000-8000-0000bb97decc
2022/07/27 15:27:01 登入  黑帮丶Dy 00000000-0000-4000-8000-000023c1a1ff
2022/07/27 15:27:01 登入  帅哥jfdfdz小号 00000000-0000-4000-8000-0000cd94c9c1
2022/07/27 15:27:01 登入  字幕君______ 00000000-0000-4000-8000-0000deda5d81
2022/07/27 15:38:49 logout 帅哥jfdfdz小号 00000000-0000-4000-8000-0000cd94c9c1 (11.8m)
2022/07/27 15:40:28 logout 黑帮丶Dy 00000000-0000-4000-8000-000023c1a1ff (13.5m)
2022/07/27 15:40:44 当前已经在线玩家: []
2022/07/27 15:40:44 登入  HappyLove233 00000000-0000-4000-8000-00007ca667d4
2022/07/27 15:40:44 登入  HappyLove233 00000000-0000-4000-8000-00007ca667d4
2022/07/27 15:40:44 登入  开朗的网友啊明 00000000-0000-4000-8000-0000912625f1
2022/07/27 15:40:44 登入  百里倾萧 00000000-0000-4000-8000-0000a80c7518
2022/07/27 15:40:44 登入  无诗游人 00000000-0000-4000-8000-0000df1bc254
2022/07/27 15:40:44 登入  诺白郡主 00000000-0000-4000-8000-0000bb97decc
2022/07/27 15:40:44 登入  字幕君______ 00000000-0000-4000-8000-0000deda5d81
2022/07/27 15:41:28 当前已经在线玩家: []
2022/07/27 15:41:28 登入  HappyLove233 00000000-0000-4000-8000-00007ca667d4
2022/07/27 15:41:28 登入  HappyLove233 00000000-0000-4000-8000-00007ca667d4
2022/07/27 15:41:28 登入  开朗的网友啊明 00000000-0000-4000-8000-0000912625f1
2022/07/27 15:41:28 登入  百里倾萧 00000000-0000-4000-8000-0000a80c7518
2022/07/27 15:41:28 登入  无诗游人 00000000-0000-4000-8000-0000df1bc254
2022/07/27 15:41:28 登入  诺白郡主 00000000-0000-4000-8000-0000bb97decc
2022/07/27 15:41:28 登入  字幕君______ 00000000-0000-4000-8000-0000deda5d81
2022/07/27 15:41:41 登入  帅哥jfdfdz小号 00000000-0000-4000-8000-0000cd94c9c1
2022/07/27 15:42:14 当前已经在线玩家: []
2022/07/27 15:42:14 登入  HappyLove233 00000000-0000-4000-8000-00007ca667d4
2022/07/27 15:42:14 登入  黑帮丶Dy 00000000-0000-4000-8000-000023c1a1ff
2022/07/27 15:42:14 登入  HappyLove233 00000000-0000-4000-8000-00007ca667d4
2022/07/27 15:42:14 登入  开朗的网友啊明 00000000-0000-4000-8000-0000912625f1
2022/07/27 15:42:14 登入  百里倾萧 00000000-0000-4000-8000-0000a80c7518
2022/07/27 15:42:14 登入  无诗游人 00000000-0000-4000-8000-0000df1bc254
2022/07/27 15:42:14 登入  诺白郡主 00000000-0000-4000-8000-0000bb97decc
2022/07/27 15:42:14 登入  帅哥jfdfdz小号 00000000-0000-4000-8000-0000cd94c9c1
2022/07/27 15:42:14 登入  字幕君______ 00000000-0000-4000-8000-0000deda5d81
2022/07/27 15:42:15 logout HappyLove233 00000000-0000-4000-8000-00007ca667d4 (0.0m)
2022/07/27 15:44:42 当前已经在线玩家: []
2022/07/27 15:44:42 登入  HappyLove233 00000000-0000-4000-8000-00007ca667d4
2022/07/27 15:44:42 登入  HappyLove233 00000000-0000-4000-8000-00007ca667d4
2022/07/27 15:44:42 登入  黑帮丶Dy 00000000-0000-4000-8000-000023c1a1ff
2022/07/27 15:44:42 登入  开朗的网友啊明 00000000-0000-4000-8000-0000912625f1
2022/07/27 15:44:42 登入  百里倾萧 00000000-0000-4000-8000-0000a80c7518
2022/07/27 15:44:42 登入  无诗游人 00000000-0000-4000-8000-0000df1bc254
2022/07/27 15:44:42 登入  诺白郡主 00000000-0000-4000-8000-0000bb97decc
2022/07/27 15:44:42 登入  帅哥jfdfdz小号 00000000-0000-4000-8000-0000cd94c9c1
2022/07/27 15:44:42 登入  字幕君______ 00000000-0000-4000-8000-0000deda5d81
2022/07/27 15:54:42 当前已经在线玩家: []
2022/07/27 15:54:42 登入  HappyLove233 00000000-0000-4000-8000-00007ca667d4
2022/07/27 15:54:42 登入  HappyLove233 00000000-0000-4000-8000-00007ca667d4
2022/07/27 15:54:42 登入  黑帮丶Dy 00000000-0000-4000-8000-000023c1a1ff
2022/07/27 15:54:42 登入  开朗的网友啊明 00000000-0000-4000-8000-0000912625f1
2022/07/27 15:54:42 登入  百里倾萧 00000000-0000-4000-8000-0000a80c7518
2022/07/27 15:54:42 登入  无诗游人 00000000-0000-4000-8000-0000df1bc254
2022/07/27 15:54:42 登入  诺白郡主 00000000-0000-4000-8000-0000bb97decc
2022/07/27 15:54:42 登入  帅哥jfdfdz小号 00000000-0000-4000-8000-0000cd94c9c1
2022/07/27 15:54:42 登入  字幕君______ 00000000-0000-4000-8000-0000deda5d81
2022/07/27 15:54:55 logout 无诗游人 00000000-0000-4000-8000-0000df1bc254 (0.2m)
2022/07/27 15:55:26 当前已经在线玩家: []
2022/07/27 15:55:26 登入  HappyLove233 00000000-0000-4000-8000-00007ca667d4
2022/07/27 15:55:26 登入  HappyLove233 00000000-0000-4000-8000-00007ca667d4
2022/07/27 15:55:26 登入  黑帮丶Dy 00000000-0000-4000-8000-000023c1a1ff
2022/07/27 15:55:26 登入  开朗的网友啊明 00000000-0000-4000-8000-0000912625f1
2022/07/27 15:55:26 登入  百里倾萧 00000000-0000-4000-8000-0000a80c7518
2022/07/27 15:55:26 登入  诺白郡主 00000000-0000-4000-8000-0000bb97decc
2022/07/27 15:55:26 登入  帅哥jfdfdz小号 00000000-0000-4000-8000-0000cd94c9c1
2022/07/27 15:55:26 登入  字幕君______ 00000000-0000-4000-8000-0000deda5d81
2022/07/27 15:55:45 登入  无诗游人 00000000-0000-4000-8000-0000df1bc254
2022/07/27 15:57:08 当前已经在线玩家: []
2022/07/27 15:57:08 登入  HappyLove233 00000000-0000-4000-8000-00007ca667d4
2022/07/27 15:57:08 登入  HappyLove233 00000000-0000-4000-8000-00007ca667d4
2022/07/27 15:57:08 登入  无诗游人 00000000-0000-4000-8000-0000df1bc254
2022/07/27 15:57:08 登入  开朗的网友啊明 00000000-0000-4000-8000-0000912625f1
2022/07/27 15:57:08 登入  百里倾萧 00000000-0000-4000-8000-0000a80c7518
2022/07/27 15:57:08 登入  诺白郡主 00000000-0000-4000-8000-0000bb97decc
2022/07/27 15:57:08 登入  帅哥jfdfdz小号 00000000-0000-4000-8000-0000cd94c9c1
2022/07/27 15:57:08 登入  字幕君______ 00000000-0000-4000-8000-0000deda5d81
2022/07/27 15:57:25 登入  黑帮丶Dy 00000000-0000-4000-8000-000023c1a1ff
2022/07/27 15:58:18 当前已经在线玩家: []
2022/07/27 15:58:18 登入  HappyLove233 00000000-0000-4000-8000-00007ca667d4
2022/07/27 15:58:18 登入  HappyLove233 00000000-0000-4000-8000-00007ca667d4
2022/07/27 15:58:18 登入  黑帮丶Dy 00000000-0000-4000-8000-000023c1a1ff
2022/07/27 15:58:18 登入  无诗游人 00000000-0000-4000-8000-0000df1bc254
2022/07/27 15:58:18 登入  开朗的网友啊明 00000000-0000-4000-8000-0000912625f1
2022/07/27 15:58:18 登入  百里倾萧 00000000-0000-4000-8000-0000a80c7518
2022/07/27 15:58:18 登入  诺白郡主 00000000-0000-4000-8000-0000bb97decc
2022/07/27 15:58:18 登入  帅哥jfdfdz小号 00000000-0000-4000-8000-0000cd94c9c1
2022/07/27 15:58:18 登入  字幕君______ 00000000-0000-4000-8000-0000deda5d81
2022/07/27 16:03:04 当前已经在线玩家: []
2022/07/27 16:03:04 登入  HappyLove233 00000000-0000-4000-8000-00007ca667d4
2022/07/27 16:03:04 登入  HappyLove233 00000000-0000-4000-8000-00007ca667d4
2022/07/27 16:03:04 登入  Gamaonline 00000000-0000-4000-8000-0000701d2884
2022/07/27 16:03:04 登入  黑帮丶Dy 00000000-0000-4000-8000-000023c1a1ff
2022/07/27 16:03:04 登入  无诗游人 00000000-0000-4000-8000-0000df1bc254
2022/07/27 16:03:04 登入  开朗的网友啊明 00000000-0000-4000-8000-0000912625f1
2022/07/27 16:03:04 登入  百里倾萧 00000000-0000-4000-8000-0000a80c7518
2022/07/27 16:03:04 登入  诺白郡主 00000000-0000-4000-8000-0000bb97decc
2022/07/27 16:03:04 登入  帅哥jfdfdz小号 00000000-0000-4000-8000-0000cd94c9c1
2022/07/27 16:03:04 登入  字幕君______ 00000000-0000-4000-8000-0000deda5d81
2022/07/27 16:07:29 当前已经在线玩家: []
2022/07/27 16:07:30 登入  HappyLove233 00000000-0000-4000-8000-00007ca667d4
2022/07/27 16:07:30 登入  HappyLove233 00000000-0000-4000-8000-00007ca667d4
2022/07/27 16:07:30 登入  黑帮丶Dy 00000000-0000-4000-8000-000023c1a1ff
2022/07/27 16:07:30 登入  无诗游人 00000000-0000-4000-8000-0000df1bc254
2022/07/27 16:07:30 登入  开朗的网友啊明 00000000-0000-4000-8000-0000912625f1
2022/07/27 16:07:30 登入  百里倾萧 00000000-0000-4000-8000-0000a80c7518
2022/07/27 16:07:30 登入  诺白郡主 00000000-0000-4000-8000-0000bb97decc
2022/07/27 16:07:30 登入  帅哥jfdfdz小号 00000000-0000-4000-8000-0000cd94c9c1
2022/07/27 16:07:30 登入  字幕君______ 00000000-0000-4000-8000-0000deda5d81
2022/07/27 16:08:05 当前已经在线玩家: []
2022/07/27 16:08:05 登入  HappyLove233 00000000-0000-4000-8000-00007ca667d4
2022/07/27 16:08:05 登入  HappyLove233 00000000-0000-4000-8000-00007ca667d4
2022/07/27 16:08:05 登入  黑帮丶Dy 00000000-0000-4000-8000-000023c1a1ff
2022/07/27 16:08:05 登入  无诗游人 00000000-0000-4000-8000-0000df1bc254
2022/07/27 16:08:05 登入  开朗的网友啊明 00000000-0000-4000-8000-0000912625f1
2022/07/27 16:08:05 登入  百里倾萧 00000000-0000-4000-8000-0000a80c7518
2022/07/27 16:08:05 登入  诺白郡主 00000000-0000-4000-8000-0000bb97decc
2022/07/27 16:08:05 登入  帅哥jfdfdz小号 00000000-0000-4000-8000-0000cd94c9c1
2022/07/27 16:08:05 登入  字幕君______ 00000000-0000-4000-8000-0000deda5d81
2022/07/27 16:08:49 logout 帅哥jfdfdz小号 00000000-0000-4000-8000-0000cd94c9c1 (0.7m)
2022/07/27 16:17:03 logout 黑帮丶Dy 00000000-0000-4000-8000-000023c1a1ff (9.0m)
2022/07/27 16:17:34 登入  蚀青杉 00000000-0000-4000-8000-0000ee23c2e8
2022/07/27 16:21:34 登入  黑帮丶Dy 00000000-0000-4000-8000-000023c1a1ff
2022/07/27 16:23:48 登入  愚蠢钳工使性子 00000000-0000-4000-8000-0000abbad8fd
2022/07/27 16:24:48 当前已经在线玩家: []
2022/07/27 16:24:48 登入  HappyLove233 00000000-0000-4000-8000-00007ca667d4
2022/07/27 16:24:48 登入  HappyLove233 00000000-0000-4000-8000-00007ca667d4
2022/07/27 16:24:48 登入  黑帮丶Dy 00000000-0000-4000-8000-000023c1a1ff
2022/07/27 16:24:48 登入  蚀青杉 00000000-0000-4000-8000-0000ee23c2e8
2022/07/27 16:24:48 登入  开朗的网友啊明 00000000-0000-4000-8000-0000912625f1
2022/07/27 16:24:48 登入  愚蠢钳工使性子 00000000-0000-4000-8000-0000abbad8fd
2022/07/27 16:24:48 登入  百里倾萧 00000000-0000-4000-8000-0000a80c7518
2022/07/27 16:24:48 登入  诺白郡主 00000000-0000-4000-8000-0000bb97decc
2022/07/27 16:24:48 登入  字幕君______ 00000000-0000-4000-8000-0000deda5d81
2022/07/27 16:25:25 登入  无诗游人 00000000-0000-4000-8000-0000df1bc254
2022/07/27 16:34:30 当前已经在线玩家: []
2022/07/27 16:34:30 登入  HappyLove233 00000000-0000-4000-8000-00007ca667d4
2022/07/27 16:34:30 登入  无诗游人 00000000-0000-4000-8000-0000df1bc254
2022/07/27 16:34:30 登入  HappyLove233 00000000-0000-4000-8000-00007ca667d4
2022/07/27 16:34:30 登入  黑帮丶Dy 00000000-0000-4000-8000-000023c1a1ff
2022/07/27 16:34:30 登入  蚀青杉 00000000-0000-4000-8000-0000ee23c2e8
2022/07/27 16:34:30 登入  开朗的网友啊明 00000000-0000-4000-8000-0000912625f1
2022/07/27 16:34:30 登入  愚蠢钳工使性子 00000000-0000-4000-8000-0000abbad8fd
2022/07/27 16:34:30 登入  百里倾萧 00000000-0000-4000-8000-0000a80c7518
2022/07/27 16:34:30 登入  诺白郡主 00000000-0000-4000-8000-0000bb97decc
2022/07/27 16:34:30 登入  字幕君______ 00000000-0000-4000-8000-0000deda5d81
2022/07/27 16:34:30 logout HappyLove233 00000000-0000-4000-8000-00007ca667d4 (0.0m)
2022/07/27 16:40:16 登入  经济建设主义 00000000-0000-4000-8000-0000cb462bd0
2022/07/27 16:44:45 当前已经在线玩家: []
2022/07/27 16:44:45 登入  HappyLove233 00000000-0000-4000-8000-00007ca667d4
2022/07/27 16:44:45 登入  HappyLove233 00000000-0000-4000-8000-00007ca667d4
2022/07/27 16:44:45 登入  无诗游人 00000000-0000-4000-8000-0000df1bc254
2022/07/27 16:44:45 登入  黑帮丶Dy 00000000-0000-4000-8000-000023c1a1ff
2022/07/27 16:44:45 登入  经济建设主义 00000000-0000-4000-8000-0000cb462bd0
2022/07/27 16:44:45 登入  蚀青杉 00000000-0000-4000-8000-0000ee23c2e8
2022/07/27 16:44:45 登入  开朗的网友啊明 00000000-0000-4000-8000-0000912625f1
2022/07/27 16:44:45 登入  愚蠢钳工使性子 00000000-0000-4000-8000-0000abbad8fd
2022/07/27 16:44:45 登入  百里倾萧 00000000-0000-4000-8000-0000a80c7518
2022/07/27 16:44:45 登入  诺白郡主 00000000-0000-4000-8000-0000bb97decc
2022/07/27 16:44:45 登入  字幕君______ 00000000-0000-4000-8000-0000deda5d81
2022/07/27 16:45:34 logout 蚀青杉 00000000-0000-4000-8000-0000ee23c2e8 (0.8m)
2022/07/27 16:45:51 logout 经济建设主义 00000000-0000-4000-8000-0000cb462bd0 (1.1m)
2022/07/27 16:46:26 登入  抢着送人头 00000000-0000-4000-8000-0000743af4b7
2022/07/27 16:49:59 logout 黑帮丶Dy 00000000-0000-4000-8000-000023c1a1ff (5.2m)
2022/07/27 16:52:33 登入  帅哥jfdfdz小号 00000000-0000-4000-8000-0000cd94c9c1
2022/07/27 16:54:45 当前已经在线玩家: []
2022/07/27 16:54:45 登入  HappyLove233 00000000-0000-4000-8000-00007ca667d4
2022/07/27 16:54:45 登入  抢着送人头 00000000-0000-4000-8000-0000743af4b7
2022/07/27 16:54:45 登入  无诗游人 00000000-0000-4000-8000-0000df1bc254
2022/07/27 16:54:45 登入  开朗的网友啊明 00000000-0000-4000-8000-0000912625f1
2022/07/27 16:54:45 登入  愚蠢钳工使性子 00000000-0000-4000-8000-0000abbad8fd
2022/07/27 16:54:45 登入  百里倾萧 00000000-0000-4000-8000-0000a80c7518
2022/07/27 16:54:45 登入  诺白郡主 00000000-0000-4000-8000-0000bb97decc
2022/07/27 16:54:45 登入  帅哥jfdfdz小号 00000000-0000-4000-8000-0000cd94c9c1
2022/07/27 16:54:45 登入  字幕君______ 00000000-0000-4000-8000-0000deda5d81
2022/07/27 16:54:50 logout 无诗游人 00000000-0000-4000-8000-0000df1bc254 (0.1m)
2022/07/27 16:55:32 登入  无诗游人 00000000-0000-4000-8000-0000df1bc254
2022/07/27 16:59:58 当前已经在线玩家: []
2022/07/27 16:59:58 登入  HappyLove233 00000000-0000-4000-8000-00007ca667d4
2022/07/27 16:59:58 登入  HappyLove233 00000000-0000-4000-8000-00007ca667d4
2022/07/27 16:59:58 登入  无诗游人 00000000-0000-4000-8000-0000df1bc254
2022/07/27 16:59:58 登入  抢着送人头 00000000-0000-4000-8000-0000743af4b7
2022/07/27 16:59:58 登入  开朗的网友啊明 00000000-0000-4000-8000-0000912625f1
2022/07/27 16:59:58 登入  愚蠢钳工使性子 00000000-0000-4000-8000-0000abbad8fd
2022/07/27 16:59:58 登入  百里倾萧 00000000-0000-4000-8000-0000a80c7518
2022/07/27 16:59:58 登入  诺白郡主 00000000-0000-4000-8000-0000bb97decc
2022/07/27 16:59:58 登入  帅哥jfdfdz小号 00000000-0000-4000-8000-0000cd94c9c1
2022/07/27 16:59:58 登入  字幕君______ 00000000-0000-4000-8000-0000deda5d81
2022/07/27 17:04:45 当前已经在线玩家: []
2022/07/27 17:04:45 登入  HappyLove233 00000000-0000-4000-8000-00007ca667d4
2022/07/27 17:04:45 登入  HappyLove233 00000000-0000-4000-8000-00007ca667d4
2022/07/27 17:04:45 登入  无诗游人 00000000-0000-4000-8000-0000df1bc254
2022/07/27 17:04:45 登入  开朗的网友啊明 00000000-0000-4000-8000-0000912625f1
2022/07/27 17:04:45 登入  百里倾萧 00000000-0000-4000-8000-0000a80c7518
2022/07/27 17:04:45 登入  诺白郡主 00000000-0000-4000-8000-0000bb97decc
2022/07/27 17:04:45 登入  帅哥jfdfdz小号 00000000-0000-4000-8000-0000cd94c9c1
2022/07/27 17:04:45 登入  字幕君______ 00000000-0000-4000-8000-0000deda5d81
2022/07/27 17:10:54 logout 无诗游人 00000000-0000-4000-8000-0000df1bc254 (6.1m)
2022/07/27 17:12:20 登入  无诗游人 00000000-0000-4000-8000-0000df1bc254
2022/07/27 17:14:39 当前已经在线玩家: []
2022/07/27 17:14:39 登入  HappyLove233 00000000-0000-4000-8000-00007ca667d4
2022/07/27 17:14:39 登入  HappyLove233 00000000-0000-4000-8000-00007ca667d4
2022/07/27 17:14:39 登入  无诗游人 00000000-0000-4000-8000-0000df1bc254
2022/07/27 17:14:39 登入  百里倾萧 00000000-0000-4000-8000-0000a80c7518
2022/07/27 17:14:39 登入  诺白郡主 00000000-0000-4000-8000-0000bb97decc
2022/07/27 17:14:39 登入  帅哥jfdfdz小号 00000000-0000-4000-8000-0000cd94c9c1
2022/07/27 17:14:39 登入  字幕君______ 00000000-0000-4000-8000-0000deda5d81
2022/07/27 17:14:48 登入  开朗的网友啊明 00000000-0000-4000-8000-0000912625f1
2022/07/27 17:15:24 logout 帅哥jfdfdz小号 00000000-0000-4000-8000-0000cd94c9c1 (0.8m)
2022/07/27 17:20:42 logout 诺白郡主 00000000-0000-4000-8000-0000bb97decc (6.0m)
2022/07/27 17:24:19 当前已经在线玩家: []
2022/07/27 17:24:19 登入  开朗的网友啊明 00000000-0000-4000-8000-0000912625f1
2022/07/27 17:24:19 登入  HappyLove233 00000000-0000-4000-8000-00007ca667d4
2022/07/27 17:24:19 登入  无诗游人 00000000-0000-4000-8000-0000df1bc254
2022/07/27 17:24:19 登入  百里倾萧 00000000-0000-4000-8000-0000a80c7518
2022/07/27 17:24:19 登入  字幕君______ 00000000-0000-4000-8000-0000deda5d81
2022/07/27 17:24:20 logout HappyLove233 00000000-0000-4000-8000-00007ca667d4 (0.0m)
2022/07/27 17:25:14 logout 字幕君______ 00000000-0000-4000-8000-0000deda5d81 (0.9m)
2022/07/27 17:26:10 登入  字幕君______ 00000000-0000-4000-8000-0000deda5d81
2022/07/27 17:36:38 当前已经在线玩家: []
2022/07/27 17:36:38 登入  HappyLove233 00000000-0000-4000-8000-00007ca667d4
2022/07/27 17:36:38 登入  HappyLove233 00000000-0000-4000-8000-00007ca667d4
2022/07/27 17:36:38 登入  字幕君______ 00000000-0000-4000-8000-0000deda5d81
2022/07/27 17:36:38 登入  开朗的网友啊明 00000000-0000-4000-8000-0000912625f1
2022/07/27 17:36:38 登入  无诗游人 00000000-0000-4000-8000-0000df1bc254
2022/07/27 17:36:38 登入  百里倾萧 00000000-0000-4000-8000-0000a80c7518
2022/07/27 17:44:39 当前已经在线玩家: []
2022/07/27 17:44:39 登入  HappyLove233 00000000-0000-4000-8000-00007ca667d4
2022/07/27 17:44:39 登入  HappyLove233 00000000-0000-4000-8000-00007ca667d4
2022/07/27 17:44:39 登入  字幕君______ 00000000-0000-4000-8000-0000deda5d81
2022/07/27 17:44:39 登入  开朗的网友啊明 00000000-0000-4000-8000-0000912625f1
2022/07/27 17:44:39 登入  无诗游人 00000000-0000-4000-8000-0000df1bc254
2022/07/27 17:44:39 登入  百里倾萧 00000000-0000-4000-8000-0000a80c7518
2022/07/27 17:48:04 登入  Happy丶Light 00000000-0000-4000-8000-00006ba4659a
2022/07/27 17:50:20 当前已经在线玩家: []
2022/07/27 17:50:20 登入  HappyLove233 00000000-0000-4000-8000-00007ca667d4
2022/07/27 17:50:20 登入  HappyLove233 00000000-0000-4000-8000-00007ca667d4
2022/07/27 17:50:20 登入  Happy丶Light 00000000-0000-4000-8000-00006ba4659a
2022/07/27 17:50:20 登入  字幕君______ 00000000-0000-4000-8000-0000deda5d81
2022/07/27 17:50:20 登入  开朗的网友啊明 00000000-0000-4000-8000-0000912625f1
2022/07/27 17:50:20 登入  无诗游人 00000000-0000-4000-8000-0000df1bc254
2022/07/27 17:50:20 登入  百里倾萧 00000000-0000-4000-8000-0000a80c7518
2022/07/27 17:50:25 logout 字幕君______ 00000000-0000-4000-8000-0000deda5d81 (0.1m)
2022/07/27 17:51:04 登入  字幕君______ 00000000-0000-4000-8000-0000deda5d81
2022/07/27 17:52:36 logout Happy丶Light 00000000-0000-4000-8000-00006ba4659a (2.3m)
2022/07/27 17:53:45 登入  Happy丶Light 00000000-0000-4000-8000-00006ba4659a
2022/07/27 17:54:13 logout Happy丶Light 00000000-0000-4000-8000-00006ba4659a (0.5m)
2022/07/27 18:04:04 当前已经在线玩家: []
2022/07/27 18:04:04 登入  HappyLove233 00000000-0000-4000-8000-00007ca667d4
2022/07/27 18:04:04 登入  HappyLove233 00000000-0000-4000-8000-00007ca667d4
2022/07/27 18:05:31 登入  字幕君______ 00000000-0000-4000-8000-0000deda5d81
2022/07/27 18:05:51 登入  百里倾萧 00000000-0000-4000-8000-0000a80c7518
2022/07/27 18:10:04 当前已经在线玩家: []
2022/07/27 18:10:04 登入  HappyLove233 00000000-0000-4000-8000-00007ca667d4
2022/07/27 18:10:04 登入  HappyLove233 00000000-0000-4000-8000-00007ca667d4
2022/07/27 18:10:11 登入  字幕君______ 00000000-0000-4000-8000-0000deda5d81
2022/07/27 18:11:22 登入  Happy丶Light 00000000-0000-4000-8000-00006ba4659a
2022/07/27 18:11:22 登入  百里倾萧 00000000-0000-4000-8000-0000a80c7518
2022/07/27 18:12:38 logout Happy丶Light 00000000-0000-4000-8000-00006ba4659a (1.3m)